<?xml version="1.0" encoding="UTF-8"?>
<!-- Generated by org.testng.reporters.JUnitReportReporter -->
<testsuite hostname="TARASENKO" name="TestScenarioE1" tests="1" failures="0" timestamp="4 Nov 2016 19:23:48 GMT" time="15.242" errors="0">
  <testcase name="positiveSend" time="15.242" classname="TestScenarioE1"/>
</testsuite> <!-- TestScenarioE1 -->
