<?xml version="1.0" encoding="UTF-8"?>
<!-- Generated by org.testng.reporters.JUnitReportReporter -->
<testsuite hostname="TARASENKO" name="TestScenarioE3" tests="1" failures="0" timestamp="4 Nov 2016 19:23:48 GMT" time="20.250" errors="0">
  <testcase name="registrationTest" time="20.250" classname="TestScenarioE3"/>
</testsuite> <!-- TestScenarioE3 -->
