<?xml version="1.0" encoding="UTF-8"?>
<!-- Generated by org.testng.reporters.JUnitReportReporter -->
<testsuite hostname="TARASENKO" name="TestScenarioE4" tests="1" failures="0" timestamp="4 Nov 2016 19:23:48 GMT" time="11.358" errors="0">
  <testcase name="searchingTest" time="11.358" classname="TestScenarioE4"/>
</testsuite> <!-- TestScenarioE4 -->
