<?xml version="1.0" encoding="UTF-8"?>
<!-- Generated by org.testng.reporters.JUnitReportReporter -->
<testsuite hostname="TARASENKO" name="TestScenarioE6" tests="1" failures="0" timestamp="8 Nov 2016 06:52:34 GMT" time="12.354" errors="0">
  <testcase name="tShortExistTest" time="12.354" classname="TestScenarioE6"/>
</testsuite> <!-- TestScenarioE6 -->
