<?xml version="1.0" encoding="UTF-8"?>
<!-- Generated by org.testng.reporters.JUnitReportReporter -->
<testsuite hostname="TARASENKO" name="TestScenarioE5" tests="1" failures="0" timestamp="4 Nov 2016 19:23:48 GMT" time="15.669" errors="0">
  <testcase name="cardTest" time="15.669" classname="TestScenarioE5"/>
</testsuite> <!-- TestScenarioE5 -->
