<?xml version="1.0" encoding="UTF-8"?>
<!-- Generated by org.testng.reporters.JUnitReportReporter -->
<testsuite hostname="TARASENKO" name="TestScenarioE2" tests="1" failures="0" timestamp="4 Nov 2016 19:23:48 GMT" time="13.535" errors="0">
  <testcase name="negativeSend" time="13.535" classname="TestScenarioE2"/>
</testsuite> <!-- TestScenarioE2 -->
