<?xml version="1.0" encoding="UTF-8"?>
<!-- Generated by org.testng.reporters.JUnitReportReporter -->
<testsuite hostname="TARASENKO" name="TestScenarioE3" tests="1" failures="0" timestamp="8 Nov 2016 06:52:34 GMT" time="24.948" errors="0">
  <testcase name="registrationTest" time="24.948" classname="TestScenarioE3"/>
</testsuite> <!-- TestScenarioE3 -->
