<?xml version="1.0" encoding="UTF-8"?>
<!-- Generated by org.testng.reporters.JUnitReportReporter -->
<testsuite hostname="TARASENKO" name="TestScenarioE5" tests="1" failures="0" timestamp="8 Nov 2016 06:52:34 GMT" time="16.679" errors="0">
  <testcase name="cardTest" time="16.679" classname="TestScenarioE5"/>
</testsuite> <!-- TestScenarioE5 -->
