<?xml version="1.0" encoding="UTF-8"?>
<!-- Generated by org.testng.reporters.JUnitReportReporter -->
<testsuite hostname="TARASENKO" name="TestScenarioE2" tests="1" failures="0" timestamp="8 Nov 2016 06:52:34 GMT" time="15.787" errors="0">
  <testcase name="negativeSend" time="15.787" classname="TestScenarioE2"/>
</testsuite> <!-- TestScenarioE2 -->
