<?xml version="1.0" encoding="UTF-8"?>
<!-- Generated by org.testng.reporters.JUnitReportReporter -->
<testsuite hostname="TARASENKO" name="TestScenarioE1" tests="1" failures="0" timestamp="8 Nov 2016 06:52:34 GMT" time="19.165" errors="0">
  <testcase name="positiveSend" time="19.165" classname="TestScenarioE1"/>
</testsuite> <!-- TestScenarioE1 -->
