<?xml version="1.0" encoding="UTF-8"?>
<!-- Generated by org.testng.reporters.JUnitReportReporter -->
<testsuite hostname="TARASENKO" name="TestScenarioE6" tests="1" failures="0" timestamp="4 Nov 2016 19:23:48 GMT" time="11.529" errors="0">
  <testcase name="tShortExistTest" time="11.529" classname="TestScenarioE6"/>
</testsuite> <!-- TestScenarioE6 -->
