<?xml version="1.0" encoding="UTF-8"?>
<!-- Generated by org.testng.reporters.JUnitReportReporter -->
<testsuite hostname="prep129" name="MyTest" tests="1" failures="0" timestamp="13 Oct 2016 17:33:35 GMT" time="0.012" errors="0">
  <testcase name="divide" time="0.012" classname="MyTest"/>
</testsuite> <!-- MyTest -->
