<?xml version="1.0" encoding="UTF-8"?>
<!-- Generated by org.testng.reporters.JUnitReportReporter -->
<testsuite hostname="prep129" name="MyTest" tests="2" failures="0" timestamp="13 Oct 2016 17:38:40 GMT" time="0.012" errors="0">
  <testcase name="t2" time="0.000" classname="MyTest"/>
  <testcase name="divide" time="0.012" classname="MyTest"/>
</testsuite> <!-- MyTest -->
